<?xml version="1.0" encoding="UTF-8"?>
<!-- Generated by org.testng.reporters.JUnitXMLReporter -->
<testsuite ignored="0" hostname="DESKTOP-3GSDB98" failures="0" tests="3" name="Test" time="0.204" errors="0" timestamp="2023-05-27T18:23:46 IST">
  <testcase classname="testng.com.DependsonMethodConcept" name="loginpage" time="0.028"/>
  <testcase classname="testng.com.DependsonMethodConcept" name="homepage" time="0.003"/>
  <testcase classname="testng.com.DependsonMethodConcept" name="productlist" time="0.005"/>
</testsuite> <!-- Test -->
